[2015-04-10 07:32:17] local.ERROR: exception 'PDOException' with message 'SQLSTATE[HY000] [1049] Unknown database 'berkah_alam_lestari_vegetables'' in /opt/lampp/htdocs/berkah_alam_lestari_vegetables/vendor/laravel/framework/src/Illuminate/Database/Connectors/Connector.php:47
Stack trace:
#0 /opt/lampp/htdocs/berkah_alam_lestari_vegetables/vendor/laravel/framework/src/Illuminate/Database/Connectors/Connector.php(47): PDO->__construct('mysql:host=loca...', 'root', '', Array)
#1 /opt/lampp/htdocs/berkah_alam_lestari_vegetables/vendor/laravel/framework/src/Illuminate/Database/Connectors/MySqlConnector.php(20): Illuminate\Database\Connectors\Connector->createConnection('mysql:host=loca...', Array, Array)
#2 /opt/lampp/htdocs/berkah_alam_lestari_vegetables/storage/framework/compiled.php(10583): Illuminate\Database\Connectors\MySqlConnector->connect(Array)
#3 /opt/lampp/htdocs/berkah_alam_lestari_vegetables/storage/framework/compiled.php(10579): Illuminate\Database\Connectors\ConnectionFactory->createSingleConnection(Array)
#4 /opt/lampp/htdocs/berkah_alam_lestari_vegetables/storage/framework/compiled.php(10497): Illuminate\Database\Connectors\ConnectionFactory->make(Array, 'mysql')
#5 /opt/lampp/htdocs/berkah_alam_lestari_vegetables/storage/framework/compiled.php(10452): Illuminate\Database\DatabaseManager->makeConnection('mysql')
#6 /opt/lampp/htdocs/berkah_alam_lestari_vegetables/storage/framework/compiled.php(10344): Illuminate\Database\DatabaseManager->connection(NULL)
#7 /opt/lampp/htdocs/berkah_alam_lestari_vegetables/storage/framework/compiled.php(10331): Illuminate\Database\Eloquent\Model::resolveConnection(NULL)
#8 /opt/lampp/htdocs/berkah_alam_lestari_vegetables/storage/framework/compiled.php(9834): Illuminate\Database\Eloquent\Model->getConnection()
#9 /opt/lampp/htdocs/berkah_alam_lestari_vegetables/storage/framework/compiled.php(9811): Illuminate\Database\Eloquent\Model->newBaseQueryBuilder()
#10 /opt/lampp/htdocs/berkah_alam_lestari_vegetables/storage/framework/compiled.php(9801): Illuminate\Database\Eloquent\Model->newQueryWithoutScopes()
#11 /opt/lampp/htdocs/berkah_alam_lestari_vegetables/storage/framework/compiled.php(715): Illuminate\Database\Eloquent\Model->newQuery()
#12 /opt/lampp/htdocs/berkah_alam_lestari_vegetables/storage/framework/compiled.php(511): Illuminate\Auth\EloquentUserProvider->retrieveByCredentials(Array)
#13 /opt/lampp/htdocs/berkah_alam_lestari_vegetables/app/Http/Controllers/Members/AuthController.php(64): Illuminate\Auth\Guard->attempt(Array, false)
#14 [internal function]: App\Http\Controllers\Members\AuthController->postLogin(Object(Illuminate\Http\Request))
#15 /opt/lampp/htdocs/berkah_alam_lestari_vegetables/storage/framework/compiled.php(8204): call_user_func_array(Array, Array)
#16 /opt/lampp/htdocs/berkah_alam_lestari_vegetables/storage/framework/compiled.php(8271): Illuminate\Routing\Controller->callAction('postLogin', Array)
#17 /opt/lampp/htdocs/berkah_alam_lestari_vegetables/storage/framework/compiled.php(8250): Illuminate\Routing\ControllerDispatcher->call(Object(App\Http\Controllers\Members\AuthController), Object(Illuminate\Routing\Route), 'postLogin')
#18 [internal function]: Illuminate\Routing\ControllerDispatcher->Illuminate\Routing\{closure}(Object(Illuminate\Http\Request))
#19 /opt/lampp/htdocs/berkah_alam_lestari_vegetables/storage/framework/compiled.php(8866): call_user_func(Object(Closure), Object(Illuminate\Http\Request))
#20 /opt/lampp/htdocs/berkah_alam_lestari_vegetables/app/Http/Middleware/RedirectIfAuthenticated.php(41): Illuminate\Pipeline\Pipeline->Illuminate\Pipeline\{closure}(Object(Illuminate\Http\Request))
#21 /opt/lampp/htdocs/berkah_alam_lestari_vegetables/storage/framework/compiled.php(8858): App\Http\Middleware\RedirectIfAuthenticated->handle(Object(Illuminate\Http\Request), Object(Closure))
#22 [internal function]: Illuminate\Pipeline\Pipeline->Illuminate\Pipeline\{closure}(Object(Illuminate\Http\Request))
#23 /opt/lampp/htdocs/berkah_alam_lestari_vegetables/storage/framework/compiled.php(8849): call_user_func(Object(Closure), Object(Illuminate\Http\Request))
#24 /opt/lampp/htdocs/berkah_alam_lestari_vegetables/storage/framework/compiled.php(8251): Illuminate\Pipeline\Pipeline->then(Object(Closure))
#25 /opt/lampp/htdocs/berkah_alam_lestari_vegetables/storage/framework/compiled.php(8237): Illuminate\Routing\ControllerDispatcher->callWithinStack(Object(App\Http\Controllers\Members\AuthController), Object(Illuminate\Routing\Route), Object(Illuminate\Http\Request), 'postLogin')
#26 /opt/lampp/htdocs/berkah_alam_lestari_vegetables/storage/framework/compiled.php(7234): Illuminate\Routing\ControllerDispatcher->dispatch(Object(Illuminate\Routing\Route), Object(Illuminate\Http\Request), 'App\\Http\\Contro...', 'postLogin')
#27 /opt/lampp/htdocs/berkah_alam_lestari_vegetables/storage/framework/compiled.php(7205): Illuminate\Routing\Route->runWithCustomDispatcher(Object(Illuminate\Http\Request))
#28 /opt/lampp/htdocs/berkah_alam_lestari_vegetables/storage/framework/compiled.php(6871): Illuminate\Routing\Route->run(Object(Illuminate\Http\Request))
#29 [internal function]: Illuminate\Routing\Router->Illuminate\Routing\{closure}(Object(Illuminate\Http\Request))
#30 /opt/lampp/htdocs/berkah_alam_lestari_vegetables/storage/framework/compiled.php(8866): call_user_func(Object(Closure), Object(Illuminate\Http\Request))
#31 [internal function]: Illuminate\Pipeline\Pipeline->Illuminate\Pipeline\{closure}(Object(Illuminate\Http\Request))
#32 /opt/lampp/htdocs/berkah_alam_lestari_vegetables/storage/framework/compiled.php(8849): call_user_func(Object(Closure), Object(Illuminate\Http\Request))
#33 /opt/lampp/htdocs/berkah_alam_lestari_vegetables/storage/framework/compiled.php(6872): Illuminate\Pipeline\Pipeline->then(Object(Closure))
#34 /opt/lampp/htdocs/berkah_alam_lestari_vegetables/storage/framework/compiled.php(6861): Illuminate\Routing\Router->runRouteWithinStack(Object(Illuminate\Routing\Route), Object(Illuminate\Http\Request))
#35 /opt/lampp/htdocs/berkah_alam_lestari_vegetables/storage/framework/compiled.php(6846): Illuminate\Routing\Router->dispatchToRoute(Object(Illuminate\Http\Request))
#36 /opt/lampp/htdocs/berkah_alam_lestari_vegetables/storage/framework/compiled.php(1884): Illuminate\Routing\Router->dispatch(Object(Illuminate\Http\Request))
#37 [internal function]: Illuminate\Foundation\Http\Kernel->Illuminate\Foundation\Http\{closure}(Object(Illuminate\Http\Request))
#38 /opt/lampp/htdocs/berkah_alam_lestari_vegetables/storage/framework/compiled.php(8866): call_user_func(Object(Closure), Object(Illuminate\Http\Request))
#39 /opt/lampp/htdocs/berkah_alam_lestari_vegetables/storage/framework/compiled.php(2380): Illuminate\Pipeline\Pipeline->Illuminate\Pipeline\{closure}(Object(Illuminate\Http\Request))
#40 /opt/lampp/htdocs/berkah_alam_lestari_vegetables/app/Http/Middleware/VerifyCsrfToken.php(17): Illuminate\Foundation\Http\Middleware\VerifyCsrfToken->handle(Object(Illuminate\Http\Request), Object(Closure))
#41 /opt/lampp/htdocs/berkah_alam_lestari_vegetables/storage/framework/compiled.php(8858): App\Http\Middleware\VerifyCsrfToken->handle(Object(Illuminate\Http\Request), Object(Closure))
#42 /opt/lampp/htdocs/berkah_alam_lestari_vegetables/storage/framework/compiled.php(11989): Illuminate\Pipeline\Pipeline->Illuminate\Pipeline\{closure}(Object(Illuminate\Http\Request))
#43 /opt/lampp/htdocs/berkah_alam_lestari_vegetables/storage/framework/compiled.php(8858): Illuminate\View\Middleware\ShareErrorsFromSession->handle(Object(Illuminate\Http\Request), Object(Closure))
#44 /opt/lampp/htdocs/berkah_alam_lestari_vegetables/storage/framework/compiled.php(10695): Illuminate\Pipeline\Pipeline->Illuminate\Pipeline\{closure}(Object(Illuminate\Http\Request))
#45 /opt/lampp/htdocs/berkah_alam_lestari_vegetables/storage/framework/compiled.php(8858): Illuminate\Session\Middleware\StartSession->handle(Object(Illuminate\Http\Request), Object(Closure))
#46 /opt/lampp/htdocs/berkah_alam_lestari_vegetables/storage/framework/compiled.php(11695): Illuminate\Pipeline\Pipeline->Illuminate\Pipeline\{closure}(Object(Illuminate\Http\Request))
#47 /opt/lampp/htdocs/berkah_alam_lestari_vegetables/storage/framework/compiled.php(8858): Illuminate\Cookie\Middleware\AddQueuedCookiesToResponse->handle(Object(Illuminate\Http\Request), Object(Closure))
#48 /opt/lampp/htdocs/berkah_alam_lestari_vegetables/storage/framework/compiled.php(11644): Illuminate\Pipeline\Pipeline->Illuminate\Pipeline\{closure}(Object(Illuminate\Http\Request))
#49 /opt/lampp/htdocs/berkah_alam_lestari_vegetables/storage/framework/compiled.php(8858): Illuminate\Cookie\Middleware\EncryptCookies->handle(Object(Illuminate\Http\Request), Object(Closure))
#50 /opt/lampp/htdocs/berkah_alam_lestari_vegetables/storage/framework/compiled.php(2418): Illuminate\Pipeline\Pipeline->Illuminate\Pipeline\{closure}(Object(Illuminate\Http\Request))
#51 /opt/lampp/htdocs/berkah_alam_lestari_vegetables/storage/framework/compiled.php(8858): Illuminate\Foundation\Http\Middleware\CheckForMaintenanceMode->handle(Object(Illuminate\Http\Request), Object(Closure))
#52 [internal function]: Illuminate\Pipeline\Pipeline->Illuminate\Pipeline\{closure}(Object(Illuminate\Http\Request))
#53 /opt/lampp/htdocs/berkah_alam_lestari_vegetables/storage/framework/compiled.php(8849): call_user_func(Object(Closure), Object(Illuminate\Http\Request))
#54 /opt/lampp/htdocs/berkah_alam_lestari_vegetables/storage/framework/compiled.php(1862): Illuminate\Pipeline\Pipeline->then(Object(Closure))
#55 /opt/lampp/htdocs/berkah_alam_lestari_vegetables/storage/framework/compiled.php(1852): Illuminate\Foundation\Http\Kernel->sendRequestThroughRouter(Object(Illuminate\Http\Request))
#56 /opt/lampp/htdocs/berkah_alam_lestari_vegetables/public/index.php(53): Illuminate\Foundation\Http\Kernel->handle(Object(Illuminate\Http\Request))
#57 {main}  
[2015-04-10 16:55:02] local.ERROR: exception 'Illuminate\Session\TokenMismatchException' in /opt/lampp/htdocs/berkah_alam_lestari_vegetables/storage/framework/compiled.php:2382
Stack trace:
#0 /opt/lampp/htdocs/berkah_alam_lestari_vegetables/app/Http/Middleware/VerifyCsrfToken.php(17): Illuminate\Foundation\Http\Middleware\VerifyCsrfToken->handle(Object(Illuminate\Http\Request), Object(Closure))
#1 /opt/lampp/htdocs/berkah_alam_lestari_vegetables/storage/framework/compiled.php(8858): App\Http\Middleware\VerifyCsrfToken->handle(Object(Illuminate\Http\Request), Object(Closure))
#2 /opt/lampp/htdocs/berkah_alam_lestari_vegetables/storage/framework/compiled.php(11989): Illuminate\Pipeline\Pipeline->Illuminate\Pipeline\{closure}(Object(Illuminate\Http\Request))
#3 /opt/lampp/htdocs/berkah_alam_lestari_vegetables/storage/framework/compiled.php(8858): Illuminate\View\Middleware\ShareErrorsFromSession->handle(Object(Illuminate\Http\Request), Object(Closure))
#4 /opt/lampp/htdocs/berkah_alam_lestari_vegetables/storage/framework/compiled.php(10695): Illuminate\Pipeline\Pipeline->Illuminate\Pipeline\{closure}(Object(Illuminate\Http\Request))
#5 /opt/lampp/htdocs/berkah_alam_lestari_vegetables/storage/framework/compiled.php(8858): Illuminate\Session\Middleware\StartSession->handle(Object(Illuminate\Http\Request), Object(Closure))
#6 /opt/lampp/htdocs/berkah_alam_lestari_vegetables/storage/framework/compiled.php(11695): Illuminate\Pipeline\Pipeline->Illuminate\Pipeline\{closure}(Object(Illuminate\Http\Request))
#7 /opt/lampp/htdocs/berkah_alam_lestari_vegetables/storage/framework/compiled.php(8858): Illuminate\Cookie\Middleware\AddQueuedCookiesToResponse->handle(Object(Illuminate\Http\Request), Object(Closure))
#8 /opt/lampp/htdocs/berkah_alam_lestari_vegetables/storage/framework/compiled.php(11644): Illuminate\Pipeline\Pipeline->Illuminate\Pipeline\{closure}(Object(Illuminate\Http\Request))
#9 /opt/lampp/htdocs/berkah_alam_lestari_vegetables/storage/framework/compiled.php(8858): Illuminate\Cookie\Middleware\EncryptCookies->handle(Object(Illuminate\Http\Request), Object(Closure))
#10 /opt/lampp/htdocs/berkah_alam_lestari_vegetables/storage/framework/compiled.php(2418): Illuminate\Pipeline\Pipeline->Illuminate\Pipeline\{closure}(Object(Illuminate\Http\Request))
#11 /opt/lampp/htdocs/berkah_alam_lestari_vegetables/storage/framework/compiled.php(8858): Illuminate\Foundation\Http\Middleware\CheckForMaintenanceMode->handle(Object(Illuminate\Http\Request), Object(Closure))
#12 [internal function]: Illuminate\Pipeline\Pipeline->Illuminate\Pipeline\{closure}(Object(Illuminate\Http\Request))
#13 /opt/lampp/htdocs/berkah_alam_lestari_vegetables/storage/framework/compiled.php(8849): call_user_func(Object(Closure), Object(Illuminate\Http\Request))
#14 /opt/lampp/htdocs/berkah_alam_lestari_vegetables/storage/framework/compiled.php(1862): Illuminate\Pipeline\Pipeline->then(Object(Closure))
#15 /opt/lampp/htdocs/berkah_alam_lestari_vegetables/storage/framework/compiled.php(1852): Illuminate\Foundation\Http\Kernel->sendRequestThroughRouter(Object(Illuminate\Http\Request))
#16 /opt/lampp/htdocs/berkah_alam_lestari_vegetables/public/index.php(53): Illuminate\Foundation\Http\Kernel->handle(Object(Illuminate\Http\Request))
#17 {main}  
