[2015-04-13 13:22:55] local.ERROR: exception 'PDOException' with message 'SQLSTATE[42S02]: Base table or view not found: 1146 Table 'berkah_alam_lestari_vegetables.penggunas' doesn't exist' in /opt/lampp/htdocs/berkah_alam_lestari_vegetables/vendor/laravel/framework/src/Illuminate/Database/Connection.php:288
Stack trace:
#0 /opt/lampp/htdocs/berkah_alam_lestari_vegetables/vendor/laravel/framework/src/Illuminate/Database/Connection.php(288): PDO->prepare('select * from `...')
#1 /opt/lampp/htdocs/berkah_alam_lestari_vegetables/vendor/laravel/framework/src/Illuminate/Database/Connection.php(606): Illuminate\Database\Connection->Illuminate\Database\{closure}(Object(Illuminate\Database\MySqlConnection), 'select * from `...', Array)
#2 /opt/lampp/htdocs/berkah_alam_lestari_vegetables/vendor/laravel/framework/src/Illuminate/Database/Connection.php(570): Illuminate\Database\Connection->runQueryCallback('select * from `...', Array, Object(Closure))
#3 /opt/lampp/htdocs/berkah_alam_lestari_vegetables/vendor/laravel/framework/src/Illuminate/Database/Connection.php(293): Illuminate\Database\Connection->run('select * from `...', Array, Object(Closure))
#4 /opt/lampp/htdocs/berkah_alam_lestari_vegetables/vendor/laravel/framework/src/Illuminate/Database/Query/Builder.php(1378): Illuminate\Database\Connection->select('select * from `...', Array)
#5 /opt/lampp/htdocs/berkah_alam_lestari_vegetables/vendor/laravel/framework/src/Illuminate/Database/Query/Builder.php(1363): Illuminate\Database\Query\Builder->runSelect()
#6 /opt/lampp/htdocs/berkah_alam_lestari_vegetables/vendor/laravel/framework/src/Illuminate/Database/Query/Builder.php(1350): Illuminate\Database\Query\Builder->getFresh(Array)
#7 /opt/lampp/htdocs/berkah_alam_lestari_vegetables/vendor/laravel/framework/src/Illuminate/Database/Eloquent/Builder.php(383): Illuminate\Database\Query\Builder->get(Array)
#8 /opt/lampp/htdocs/berkah_alam_lestari_vegetables/vendor/laravel/framework/src/Illuminate/Database/Eloquent/Builder.php(162): Illuminate\Database\Eloquent\Builder->getModels(Array)
#9 /opt/lampp/htdocs/berkah_alam_lestari_vegetables/vendor/laravel/framework/src/Illuminate/Database/Eloquent/Builder.php(136): Illuminate\Database\Eloquent\Builder->get(Array)
#10 /opt/lampp/htdocs/berkah_alam_lestari_vegetables/storage/framework/compiled.php(706): Illuminate\Database\Eloquent\Builder->first()
#11 /opt/lampp/htdocs/berkah_alam_lestari_vegetables/storage/framework/compiled.php(442): Illuminate\Auth\EloquentUserProvider->retrieveByToken('1', 'C2cJnp1klKIZ264...')
#12 /opt/lampp/htdocs/berkah_alam_lestari_vegetables/storage/framework/compiled.php(419): Illuminate\Auth\Guard->getUserByRecaller('1|C2cJnp1klKIZ2...')
#13 /opt/lampp/htdocs/berkah_alam_lestari_vegetables/storage/framework/compiled.php(398): Illuminate\Auth\Guard->user()
#14 /opt/lampp/htdocs/berkah_alam_lestari_vegetables/app/Http/Middleware/RedirectIfAuthenticated.php(36): Illuminate\Auth\Guard->check()
#15 /opt/lampp/htdocs/berkah_alam_lestari_vegetables/storage/framework/compiled.php(8858): App\Http\Middleware\RedirectIfAuthenticated->handle(Object(Illuminate\Http\Request), Object(Closure))
#16 [internal function]: Illuminate\Pipeline\Pipeline->Illuminate\Pipeline\{closure}(Object(Illuminate\Http\Request))
#17 /opt/lampp/htdocs/berkah_alam_lestari_vegetables/storage/framework/compiled.php(8849): call_user_func(Object(Closure), Object(Illuminate\Http\Request))
#18 /opt/lampp/htdocs/berkah_alam_lestari_vegetables/storage/framework/compiled.php(8251): Illuminate\Pipeline\Pipeline->then(Object(Closure))
#19 /opt/lampp/htdocs/berkah_alam_lestari_vegetables/storage/framework/compiled.php(8237): Illuminate\Routing\ControllerDispatcher->callWithinStack(Object(App\Http\Controllers\HomeController), Object(Illuminate\Routing\Route), Object(Illuminate\Http\Request), 'index')
#20 /opt/lampp/htdocs/berkah_alam_lestari_vegetables/storage/framework/compiled.php(7234): Illuminate\Routing\ControllerDispatcher->dispatch(Object(Illuminate\Routing\Route), Object(Illuminate\Http\Request), 'App\\Http\\Contro...', 'index')
#21 /opt/lampp/htdocs/berkah_alam_lestari_vegetables/storage/framework/compiled.php(7205): Illuminate\Routing\Route->runWithCustomDispatcher(Object(Illuminate\Http\Request))
#22 /opt/lampp/htdocs/berkah_alam_lestari_vegetables/storage/framework/compiled.php(6871): Illuminate\Routing\Route->run(Object(Illuminate\Http\Request))
#23 [internal function]: Illuminate\Routing\Router->Illuminate\Routing\{closure}(Object(Illuminate\Http\Request))
#24 /opt/lampp/htdocs/berkah_alam_lestari_vegetables/storage/framework/compiled.php(8866): call_user_func(Object(Closure), Object(Illuminate\Http\Request))
#25 [internal function]: Illuminate\Pipeline\Pipeline->Illuminate\Pipeline\{closure}(Object(Illuminate\Http\Request))
#26 /opt/lampp/htdocs/berkah_alam_lestari_vegetables/storage/framework/compiled.php(8849): call_user_func(Object(Closure), Object(Illuminate\Http\Request))
#27 /opt/lampp/htdocs/berkah_alam_lestari_vegetables/storage/framework/compiled.php(6872): Illuminate\Pipeline\Pipeline->then(Object(Closure))
#28 /opt/lampp/htdocs/berkah_alam_lestari_vegetables/storage/framework/compiled.php(6861): Illuminate\Routing\Router->runRouteWithinStack(Object(Illuminate\Routing\Route), Object(Illuminate\Http\Request))
#29 /opt/lampp/htdocs/berkah_alam_lestari_vegetables/storage/framework/compiled.php(6846): Illuminate\Routing\Router->dispatchToRoute(Object(Illuminate\Http\Request))
#30 /opt/lampp/htdocs/berkah_alam_lestari_vegetables/storage/framework/compiled.php(1884): Illuminate\Routing\Router->dispatch(Object(Illuminate\Http\Request))
#31 [internal function]: Illuminate\Foundation\Http\Kernel->Illuminate\Foundation\Http\{closure}(Object(Illuminate\Http\Request))
#32 /opt/lampp/htdocs/berkah_alam_lestari_vegetables/storage/framework/compiled.php(8866): call_user_func(Object(Closure), Object(Illuminate\Http\Request))
#33 /opt/lampp/htdocs/berkah_alam_lestari_vegetables/storage/framework/compiled.php(2380): Illuminate\Pipeline\Pipeline->Illuminate\Pipeline\{closure}(Object(Illuminate\Http\Request))
#34 /opt/lampp/htdocs/berkah_alam_lestari_vegetables/app/Http/Middleware/VerifyCsrfToken.php(17): Illuminate\Foundation\Http\Middleware\VerifyCsrfToken->handle(Object(Illuminate\Http\Request), Object(Closure))
#35 /opt/lampp/htdocs/berkah_alam_lestari_vegetables/storage/framework/compiled.php(8858): App\Http\Middleware\VerifyCsrfToken->handle(Object(Illuminate\Http\Request), Object(Closure))
#36 /opt/lampp/htdocs/berkah_alam_lestari_vegetables/storage/framework/compiled.php(11989): Illuminate\Pipeline\Pipeline->Illuminate\Pipeline\{closure}(Object(Illuminate\Http\Request))
#37 /opt/lampp/htdocs/berkah_alam_lestari_vegetables/storage/framework/compiled.php(8858): Illuminate\View\Middleware\ShareErrorsFromSession->handle(Object(Illuminate\Http\Request), Object(Closure))
#38 /opt/lampp/htdocs/berkah_alam_lestari_vegetables/storage/framework/compiled.php(10695): Illuminate\Pipeline\Pipeline->Illuminate\Pipeline\{closure}(Object(Illuminate\Http\Request))
#39 /opt/lampp/htdocs/berkah_alam_lestari_vegetables/storage/framework/compiled.php(8858): Illuminate\Session\Middleware\StartSession->handle(Object(Illuminate\Http\Request), Object(Closure))
#40 /opt/lampp/htdocs/berkah_alam_lestari_vegetables/storage/framework/compiled.php(11695): Illuminate\Pipeline\Pipeline->Illuminate\Pipeline\{closure}(Object(Illuminate\Http\Request))
#41 /opt/lampp/htdocs/berkah_alam_lestari_vegetables/storage/framework/compiled.php(8858): Illuminate\Cookie\Middleware\AddQueuedCookiesToResponse->handle(Object(Illuminate\Http\Request), Object(Closure))
#42 /opt/lampp/htdocs/berkah_alam_lestari_vegetables/storage/framework/compiled.php(11644): Illuminate\Pipeline\Pipeline->Illuminate\Pipeline\{closure}(Object(Illuminate\Http\Request))
#43 /opt/lampp/htdocs/berkah_alam_lestari_vegetables/storage/framework/compiled.php(8858): Illuminate\Cookie\Middleware\EncryptCookies->handle(Object(Illuminate\Http\Request), Object(Closure))
#44 /opt/lampp/htdocs/berkah_alam_lestari_vegetables/storage/framework/compiled.php(2418): Illuminate\Pipeline\Pipeline->Illuminate\Pipeline\{closure}(Object(Illuminate\Http\Request))
#45 /opt/lampp/htdocs/berkah_alam_lestari_vegetables/storage/framework/compiled.php(8858): Illuminate\Foundation\Http\Middleware\CheckForMaintenanceMode->handle(Object(Illuminate\Http\Request), Object(Closure))
#46 [internal function]: Illuminate\Pipeline\Pipeline->Illuminate\Pipeline\{closure}(Object(Illuminate\Http\Request))
#47 /opt/lampp/htdocs/berkah_alam_lestari_vegetables/storage/framework/compiled.php(8849): call_user_func(Object(Closure), Object(Illuminate\Http\Request))
#48 /opt/lampp/htdocs/berkah_alam_lestari_vegetables/storage/framework/compiled.php(1862): Illuminate\Pipeline\Pipeline->then(Object(Closure))
#49 /opt/lampp/htdocs/berkah_alam_lestari_vegetables/storage/framework/compiled.php(1852): Illuminate\Foundation\Http\Kernel->sendRequestThroughRouter(Object(Illuminate\Http\Request))
#50 /opt/lampp/htdocs/berkah_alam_lestari_vegetables/public/index.php(53): Illuminate\Foundation\Http\Kernel->handle(Object(Illuminate\Http\Request))
#51 {main}

Next exception 'Illuminate\Database\QueryException' with message 'SQLSTATE[42S02]: Base table or view not found: 1146 Table 'berkah_alam_lestari_vegetables.penggunas' doesn't exist (SQL: select * from `penggunas` where `id` = 1 and `remember_token` = C2cJnp1klKIZ264Msx5PHb0JpRr1BJsGksQ7xlfbwWcmHWZxB8rwXpGe7xqA limit 1)' in /opt/lampp/htdocs/berkah_alam_lestari_vegetables/vendor/laravel/framework/src/Illuminate/Database/Connection.php:614
Stack trace:
#0 /opt/lampp/htdocs/berkah_alam_lestari_vegetables/vendor/laravel/framework/src/Illuminate/Database/Connection.php(570): Illuminate\Database\Connection->runQueryCallback('select * from `...', Array, Object(Closure))
#1 /opt/lampp/htdocs/berkah_alam_lestari_vegetables/vendor/laravel/framework/src/Illuminate/Database/Connection.php(293): Illuminate\Database\Connection->run('select * from `...', Array, Object(Closure))
#2 /opt/lampp/htdocs/berkah_alam_lestari_vegetables/vendor/laravel/framework/src/Illuminate/Database/Query/Builder.php(1378): Illuminate\Database\Connection->select('select * from `...', Array)
#3 /opt/lampp/htdocs/berkah_alam_lestari_vegetables/vendor/laravel/framework/src/Illuminate/Database/Query/Builder.php(1363): Illuminate\Database\Query\Builder->runSelect()
#4 /opt/lampp/htdocs/berkah_alam_lestari_vegetables/vendor/laravel/framework/src/Illuminate/Database/Query/Builder.php(1350): Illuminate\Database\Query\Builder->getFresh(Array)
#5 /opt/lampp/htdocs/berkah_alam_lestari_vegetables/vendor/laravel/framework/src/Illuminate/Database/Eloquent/Builder.php(383): Illuminate\Database\Query\Builder->get(Array)
#6 /opt/lampp/htdocs/berkah_alam_lestari_vegetables/vendor/laravel/framework/src/Illuminate/Database/Eloquent/Builder.php(162): Illuminate\Database\Eloquent\Builder->getModels(Array)
#7 /opt/lampp/htdocs/berkah_alam_lestari_vegetables/vendor/laravel/framework/src/Illuminate/Database/Eloquent/Builder.php(136): Illuminate\Database\Eloquent\Builder->get(Array)
#8 /opt/lampp/htdocs/berkah_alam_lestari_vegetables/storage/framework/compiled.php(706): Illuminate\Database\Eloquent\Builder->first()
#9 /opt/lampp/htdocs/berkah_alam_lestari_vegetables/storage/framework/compiled.php(442): Illuminate\Auth\EloquentUserProvider->retrieveByToken('1', 'C2cJnp1klKIZ264...')
#10 /opt/lampp/htdocs/berkah_alam_lestari_vegetables/storage/framework/compiled.php(419): Illuminate\Auth\Guard->getUserByRecaller('1|C2cJnp1klKIZ2...')
#11 /opt/lampp/htdocs/berkah_alam_lestari_vegetables/storage/framework/compiled.php(398): Illuminate\Auth\Guard->user()
#12 /opt/lampp/htdocs/berkah_alam_lestari_vegetables/app/Http/Middleware/RedirectIfAuthenticated.php(36): Illuminate\Auth\Guard->check()
#13 /opt/lampp/htdocs/berkah_alam_lestari_vegetables/storage/framework/compiled.php(8858): App\Http\Middleware\RedirectIfAuthenticated->handle(Object(Illuminate\Http\Request), Object(Closure))
#14 [internal function]: Illuminate\Pipeline\Pipeline->Illuminate\Pipeline\{closure}(Object(Illuminate\Http\Request))
#15 /opt/lampp/htdocs/berkah_alam_lestari_vegetables/storage/framework/compiled.php(8849): call_user_func(Object(Closure), Object(Illuminate\Http\Request))
#16 /opt/lampp/htdocs/berkah_alam_lestari_vegetables/storage/framework/compiled.php(8251): Illuminate\Pipeline\Pipeline->then(Object(Closure))
#17 /opt/lampp/htdocs/berkah_alam_lestari_vegetables/storage/framework/compiled.php(8237): Illuminate\Routing\ControllerDispatcher->callWithinStack(Object(App\Http\Controllers\HomeController), Object(Illuminate\Routing\Route), Object(Illuminate\Http\Request), 'index')
#18 /opt/lampp/htdocs/berkah_alam_lestari_vegetables/storage/framework/compiled.php(7234): Illuminate\Routing\ControllerDispatcher->dispatch(Object(Illuminate\Routing\Route), Object(Illuminate\Http\Request), 'App\\Http\\Contro...', 'index')
#19 /opt/lampp/htdocs/berkah_alam_lestari_vegetables/storage/framework/compiled.php(7205): Illuminate\Routing\Route->runWithCustomDispatcher(Object(Illuminate\Http\Request))
#20 /opt/lampp/htdocs/berkah_alam_lestari_vegetables/storage/framework/compiled.php(6871): Illuminate\Routing\Route->run(Object(Illuminate\Http\Request))
#21 [internal function]: Illuminate\Routing\Router->Illuminate\Routing\{closure}(Object(Illuminate\Http\Request))
#22 /opt/lampp/htdocs/berkah_alam_lestari_vegetables/storage/framework/compiled.php(8866): call_user_func(Object(Closure), Object(Illuminate\Http\Request))
#23 [internal function]: Illuminate\Pipeline\Pipeline->Illuminate\Pipeline\{closure}(Object(Illuminate\Http\Request))
#24 /opt/lampp/htdocs/berkah_alam_lestari_vegetables/storage/framework/compiled.php(8849): call_user_func(Object(Closure), Object(Illuminate\Http\Request))
#25 /opt/lampp/htdocs/berkah_alam_lestari_vegetables/storage/framework/compiled.php(6872): Illuminate\Pipeline\Pipeline->then(Object(Closure))
#26 /opt/lampp/htdocs/berkah_alam_lestari_vegetables/storage/framework/compiled.php(6861): Illuminate\Routing\Router->runRouteWithinStack(Object(Illuminate\Routing\Route), Object(Illuminate\Http\Request))
#27 /opt/lampp/htdocs/berkah_alam_lestari_vegetables/storage/framework/compiled.php(6846): Illuminate\Routing\Router->dispatchToRoute(Object(Illuminate\Http\Request))
#28 /opt/lampp/htdocs/berkah_alam_lestari_vegetables/storage/framework/compiled.php(1884): Illuminate\Routing\Router->dispatch(Object(Illuminate\Http\Request))
#29 [internal function]: Illuminate\Foundation\Http\Kernel->Illuminate\Foundation\Http\{closure}(Object(Illuminate\Http\Request))
#30 /opt/lampp/htdocs/berkah_alam_lestari_vegetables/storage/framework/compiled.php(8866): call_user_func(Object(Closure), Object(Illuminate\Http\Request))
#31 /opt/lampp/htdocs/berkah_alam_lestari_vegetables/storage/framework/compiled.php(2380): Illuminate\Pipeline\Pipeline->Illuminate\Pipeline\{closure}(Object(Illuminate\Http\Request))
#32 /opt/lampp/htdocs/berkah_alam_lestari_vegetables/app/Http/Middleware/VerifyCsrfToken.php(17): Illuminate\Foundation\Http\Middleware\VerifyCsrfToken->handle(Object(Illuminate\Http\Request), Object(Closure))
#33 /opt/lampp/htdocs/berkah_alam_lestari_vegetables/storage/framework/compiled.php(8858): App\Http\Middleware\VerifyCsrfToken->handle(Object(Illuminate\Http\Request), Object(Closure))
#34 /opt/lampp/htdocs/berkah_alam_lestari_vegetables/storage/framework/compiled.php(11989): Illuminate\Pipeline\Pipeline->Illuminate\Pipeline\{closure}(Object(Illuminate\Http\Request))
#35 /opt/lampp/htdocs/berkah_alam_lestari_vegetables/storage/framework/compiled.php(8858): Illuminate\View\Middleware\ShareErrorsFromSession->handle(Object(Illuminate\Http\Request), Object(Closure))
#36 /opt/lampp/htdocs/berkah_alam_lestari_vegetables/storage/framework/compiled.php(10695): Illuminate\Pipeline\Pipeline->Illuminate\Pipeline\{closure}(Object(Illuminate\Http\Request))
#37 /opt/lampp/htdocs/berkah_alam_lestari_vegetables/storage/framework/compiled.php(8858): Illuminate\Session\Middleware\StartSession->handle(Object(Illuminate\Http\Request), Object(Closure))
#38 /opt/lampp/htdocs/berkah_alam_lestari_vegetables/storage/framework/compiled.php(11695): Illuminate\Pipeline\Pipeline->Illuminate\Pipeline\{closure}(Object(Illuminate\Http\Request))
#39 /opt/lampp/htdocs/berkah_alam_lestari_vegetables/storage/framework/compiled.php(8858): Illuminate\Cookie\Middleware\AddQueuedCookiesToResponse->handle(Object(Illuminate\Http\Request), Object(Closure))
#40 /opt/lampp/htdocs/berkah_alam_lestari_vegetables/storage/framework/compiled.php(11644): Illuminate\Pipeline\Pipeline->Illuminate\Pipeline\{closure}(Object(Illuminate\Http\Request))
#41 /opt/lampp/htdocs/berkah_alam_lestari_vegetables/storage/framework/compiled.php(8858): Illuminate\Cookie\Middleware\EncryptCookies->handle(Object(Illuminate\Http\Request), Object(Closure))
#42 /opt/lampp/htdocs/berkah_alam_lestari_vegetables/storage/framework/compiled.php(2418): Illuminate\Pipeline\Pipeline->Illuminate\Pipeline\{closure}(Object(Illuminate\Http\Request))
#43 /opt/lampp/htdocs/berkah_alam_lestari_vegetables/storage/framework/compiled.php(8858): Illuminate\Foundation\Http\Middleware\CheckForMaintenanceMode->handle(Object(Illuminate\Http\Request), Object(Closure))
#44 [internal function]: Illuminate\Pipeline\Pipeline->Illuminate\Pipeline\{closure}(Object(Illuminate\Http\Request))
#45 /opt/lampp/htdocs/berkah_alam_lestari_vegetables/storage/framework/compiled.php(8849): call_user_func(Object(Closure), Object(Illuminate\Http\Request))
#46 /opt/lampp/htdocs/berkah_alam_lestari_vegetables/storage/framework/compiled.php(1862): Illuminate\Pipeline\Pipeline->then(Object(Closure))
#47 /opt/lampp/htdocs/berkah_alam_lestari_vegetables/storage/framework/compiled.php(1852): Illuminate\Foundation\Http\Kernel->sendRequestThroughRouter(Object(Illuminate\Http\Request))
#48 /opt/lampp/htdocs/berkah_alam_lestari_vegetables/public/index.php(53): Illuminate\Foundation\Http\Kernel->handle(Object(Illuminate\Http\Request))
#49 {main}  
[2015-04-13 13:25:17] local.ERROR: exception 'PDOException' with message 'SQLSTATE[42S02]: Base table or view not found: 1146 Table 'berkah_alam_lestari_vegetables.penggunas' doesn't exist' in /opt/lampp/htdocs/berkah_alam_lestari_vegetables/vendor/laravel/framework/src/Illuminate/Database/Connection.php:288
Stack trace:
#0 /opt/lampp/htdocs/berkah_alam_lestari_vegetables/vendor/laravel/framework/src/Illuminate/Database/Connection.php(288): PDO->prepare('select * from `...')
#1 /opt/lampp/htdocs/berkah_alam_lestari_vegetables/vendor/laravel/framework/src/Illuminate/Database/Connection.php(606): Illuminate\Database\Connection->Illuminate\Database\{closure}(Object(Illuminate\Database\MySqlConnection), 'select * from `...', Array)
#2 /opt/lampp/htdocs/berkah_alam_lestari_vegetables/vendor/laravel/framework/src/Illuminate/Database/Connection.php(570): Illuminate\Database\Connection->runQueryCallback('select * from `...', Array, Object(Closure))
#3 /opt/lampp/htdocs/berkah_alam_lestari_vegetables/vendor/laravel/framework/src/Illuminate/Database/Connection.php(293): Illuminate\Database\Connection->run('select * from `...', Array, Object(Closure))
#4 /opt/lampp/htdocs/berkah_alam_lestari_vegetables/vendor/laravel/framework/src/Illuminate/Database/Query/Builder.php(1378): Illuminate\Database\Connection->select('select * from `...', Array)
#5 /opt/lampp/htdocs/berkah_alam_lestari_vegetables/vendor/laravel/framework/src/Illuminate/Database/Query/Builder.php(1363): Illuminate\Database\Query\Builder->runSelect()
#6 /opt/lampp/htdocs/berkah_alam_lestari_vegetables/vendor/laravel/framework/src/Illuminate/Database/Query/Builder.php(1350): Illuminate\Database\Query\Builder->getFresh(Array)
#7 /opt/lampp/htdocs/berkah_alam_lestari_vegetables/vendor/laravel/framework/src/Illuminate/Database/Eloquent/Builder.php(383): Illuminate\Database\Query\Builder->get(Array)
#8 /opt/lampp/htdocs/berkah_alam_lestari_vegetables/vendor/laravel/framework/src/Illuminate/Database/Eloquent/Builder.php(162): Illuminate\Database\Eloquent\Builder->getModels(Array)
#9 /opt/lampp/htdocs/berkah_alam_lestari_vegetables/vendor/laravel/framework/src/Illuminate/Database/Eloquent/Builder.php(136): Illuminate\Database\Eloquent\Builder->get(Array)
#10 /opt/lampp/htdocs/berkah_alam_lestari_vegetables/storage/framework/compiled.php(721): Illuminate\Database\Eloquent\Builder->first()
#11 /opt/lampp/htdocs/berkah_alam_lestari_vegetables/storage/framework/compiled.php(511): Illuminate\Auth\EloquentUserProvider->retrieveByCredentials(Array)
#12 /opt/lampp/htdocs/berkah_alam_lestari_vegetables/app/Http/Controllers/Members/AuthController.php(64): Illuminate\Auth\Guard->attempt(Array, false)
#13 [internal function]: App\Http\Controllers\Members\AuthController->postLogin(Object(Illuminate\Http\Request))
#14 /opt/lampp/htdocs/berkah_alam_lestari_vegetables/storage/framework/compiled.php(8204): call_user_func_array(Array, Array)
#15 /opt/lampp/htdocs/berkah_alam_lestari_vegetables/storage/framework/compiled.php(8271): Illuminate\Routing\Controller->callAction('postLogin', Array)
#16 /opt/lampp/htdocs/berkah_alam_lestari_vegetables/storage/framework/compiled.php(8250): Illuminate\Routing\ControllerDispatcher->call(Object(App\Http\Controllers\Members\AuthController), Object(Illuminate\Routing\Route), 'postLogin')
#17 [internal function]: Illuminate\Routing\ControllerDispatcher->Illuminate\Routing\{closure}(Object(Illuminate\Http\Request))
#18 /opt/lampp/htdocs/berkah_alam_lestari_vegetables/storage/framework/compiled.php(8866): call_user_func(Object(Closure), Object(Illuminate\Http\Request))
#19 /opt/lampp/htdocs/berkah_alam_lestari_vegetables/app/Http/Middleware/RedirectIfAuthenticated.php(41): Illuminate\Pipeline\Pipeline->Illuminate\Pipeline\{closure}(Object(Illuminate\Http\Request))
#20 /opt/lampp/htdocs/berkah_alam_lestari_vegetables/storage/framework/compiled.php(8858): App\Http\Middleware\RedirectIfAuthenticated->handle(Object(Illuminate\Http\Request), Object(Closure))
#21 [internal function]: Illuminate\Pipeline\Pipeline->Illuminate\Pipeline\{closure}(Object(Illuminate\Http\Request))
#22 /opt/lampp/htdocs/berkah_alam_lestari_vegetables/storage/framework/compiled.php(8849): call_user_func(Object(Closure), Object(Illuminate\Http\Request))
#23 /opt/lampp/htdocs/berkah_alam_lestari_vegetables/storage/framework/compiled.php(8251): Illuminate\Pipeline\Pipeline->then(Object(Closure))
#24 /opt/lampp/htdocs/berkah_alam_lestari_vegetables/storage/framework/compiled.php(8237): Illuminate\Routing\ControllerDispatcher->callWithinStack(Object(App\Http\Controllers\Members\AuthController), Object(Illuminate\Routing\Route), Object(Illuminate\Http\Request), 'postLogin')
#25 /opt/lampp/htdocs/berkah_alam_lestari_vegetables/storage/framework/compiled.php(7234): Illuminate\Routing\ControllerDispatcher->dispatch(Object(Illuminate\Routing\Route), Object(Illuminate\Http\Request), 'App\\Http\\Contro...', 'postLogin')
#26 /opt/lampp/htdocs/berkah_alam_lestari_vegetables/storage/framework/compiled.php(7205): Illuminate\Routing\Route->runWithCustomDispatcher(Object(Illuminate\Http\Request))
#27 /opt/lampp/htdocs/berkah_alam_lestari_vegetables/storage/framework/compiled.php(6871): Illuminate\Routing\Route->run(Object(Illuminate\Http\Request))
#28 [internal function]: Illuminate\Routing\Router->Illuminate\Routing\{closure}(Object(Illuminate\Http\Request))
#29 /opt/lampp/htdocs/berkah_alam_lestari_vegetables/storage/framework/compiled.php(8866): call_user_func(Object(Closure), Object(Illuminate\Http\Request))
#30 [internal function]: Illuminate\Pipeline\Pipeline->Illuminate\Pipeline\{closure}(Object(Illuminate\Http\Request))
#31 /opt/lampp/htdocs/berkah_alam_lestari_vegetables/storage/framework/compiled.php(8849): call_user_func(Object(Closure), Object(Illuminate\Http\Request))
#32 /opt/lampp/htdocs/berkah_alam_lestari_vegetables/storage/framework/compiled.php(6872): Illuminate\Pipeline\Pipeline->then(Object(Closure))
#33 /opt/lampp/htdocs/berkah_alam_lestari_vegetables/storage/framework/compiled.php(6861): Illuminate\Routing\Router->runRouteWithinStack(Object(Illuminate\Routing\Route), Object(Illuminate\Http\Request))
#34 /opt/lampp/htdocs/berkah_alam_lestari_vegetables/storage/framework/compiled.php(6846): Illuminate\Routing\Router->dispatchToRoute(Object(Illuminate\Http\Request))
#35 /opt/lampp/htdocs/berkah_alam_lestari_vegetables/storage/framework/compiled.php(1884): Illuminate\Routing\Router->dispatch(Object(Illuminate\Http\Request))
#36 [internal function]: Illuminate\Foundation\Http\Kernel->Illuminate\Foundation\Http\{closure}(Object(Illuminate\Http\Request))
#37 /opt/lampp/htdocs/berkah_alam_lestari_vegetables/storage/framework/compiled.php(8866): call_user_func(Object(Closure), Object(Illuminate\Http\Request))
#38 /opt/lampp/htdocs/berkah_alam_lestari_vegetables/storage/framework/compiled.php(2380): Illuminate\Pipeline\Pipeline->Illuminate\Pipeline\{closure}(Object(Illuminate\Http\Request))
#39 /opt/lampp/htdocs/berkah_alam_lestari_vegetables/app/Http/Middleware/VerifyCsrfToken.php(17): Illuminate\Foundation\Http\Middleware\VerifyCsrfToken->handle(Object(Illuminate\Http\Request), Object(Closure))
#40 /opt/lampp/htdocs/berkah_alam_lestari_vegetables/storage/framework/compiled.php(8858): App\Http\Middleware\VerifyCsrfToken->handle(Object(Illuminate\Http\Request), Object(Closure))
#41 /opt/lampp/htdocs/berkah_alam_lestari_vegetables/storage/framework/compiled.php(11989): Illuminate\Pipeline\Pipeline->Illuminate\Pipeline\{closure}(Object(Illuminate\Http\Request))
#42 /opt/lampp/htdocs/berkah_alam_lestari_vegetables/storage/framework/compiled.php(8858): Illuminate\View\Middleware\ShareErrorsFromSession->handle(Object(Illuminate\Http\Request), Object(Closure))
#43 /opt/lampp/htdocs/berkah_alam_lestari_vegetables/storage/framework/compiled.php(10695): Illuminate\Pipeline\Pipeline->Illuminate\Pipeline\{closure}(Object(Illuminate\Http\Request))
#44 /opt/lampp/htdocs/berkah_alam_lestari_vegetables/storage/framework/compiled.php(8858): Illuminate\Session\Middleware\StartSession->handle(Object(Illuminate\Http\Request), Object(Closure))
#45 /opt/lampp/htdocs/berkah_alam_lestari_vegetables/storage/framework/compiled.php(11695): Illuminate\Pipeline\Pipeline->Illuminate\Pipeline\{closure}(Object(Illuminate\Http\Request))
#46 /opt/lampp/htdocs/berkah_alam_lestari_vegetables/storage/framework/compiled.php(8858): Illuminate\Cookie\Middleware\AddQueuedCookiesToResponse->handle(Object(Illuminate\Http\Request), Object(Closure))
#47 /opt/lampp/htdocs/berkah_alam_lestari_vegetables/storage/framework/compiled.php(11644): Illuminate\Pipeline\Pipeline->Illuminate\Pipeline\{closure}(Object(Illuminate\Http\Request))
#48 /opt/lampp/htdocs/berkah_alam_lestari_vegetables/storage/framework/compiled.php(8858): Illuminate\Cookie\Middleware\EncryptCookies->handle(Object(Illuminate\Http\Request), Object(Closure))
#49 /opt/lampp/htdocs/berkah_alam_lestari_vegetables/storage/framework/compiled.php(2418): Illuminate\Pipeline\Pipeline->Illuminate\Pipeline\{closure}(Object(Illuminate\Http\Request))
#50 /opt/lampp/htdocs/berkah_alam_lestari_vegetables/storage/framework/compiled.php(8858): Illuminate\Foundation\Http\Middleware\CheckForMaintenanceMode->handle(Object(Illuminate\Http\Request), Object(Closure))
#51 [internal function]: Illuminate\Pipeline\Pipeline->Illuminate\Pipeline\{closure}(Object(Illuminate\Http\Request))
#52 /opt/lampp/htdocs/berkah_alam_lestari_vegetables/storage/framework/compiled.php(8849): call_user_func(Object(Closure), Object(Illuminate\Http\Request))
#53 /opt/lampp/htdocs/berkah_alam_lestari_vegetables/storage/framework/compiled.php(1862): Illuminate\Pipeline\Pipeline->then(Object(Closure))
#54 /opt/lampp/htdocs/berkah_alam_lestari_vegetables/storage/framework/compiled.php(1852): Illuminate\Foundation\Http\Kernel->sendRequestThroughRouter(Object(Illuminate\Http\Request))
#55 /opt/lampp/htdocs/berkah_alam_lestari_vegetables/public/index.php(53): Illuminate\Foundation\Http\Kernel->handle(Object(Illuminate\Http\Request))
#56 {main}

Next exception 'Illuminate\Database\QueryException' with message 'SQLSTATE[42S02]: Base table or view not found: 1146 Table 'berkah_alam_lestari_vegetables.penggunas' doesn't exist (SQL: select * from `penggunas` where `username` = admin limit 1)' in /opt/lampp/htdocs/berkah_alam_lestari_vegetables/vendor/laravel/framework/src/Illuminate/Database/Connection.php:614
Stack trace:
#0 /opt/lampp/htdocs/berkah_alam_lestari_vegetables/vendor/laravel/framework/src/Illuminate/Database/Connection.php(570): Illuminate\Database\Connection->runQueryCallback('select * from `...', Array, Object(Closure))
#1 /opt/lampp/htdocs/berkah_alam_lestari_vegetables/vendor/laravel/framework/src/Illuminate/Database/Connection.php(293): Illuminate\Database\Connection->run('select * from `...', Array, Object(Closure))
#2 /opt/lampp/htdocs/berkah_alam_lestari_vegetables/vendor/laravel/framework/src/Illuminate/Database/Query/Builder.php(1378): Illuminate\Database\Connection->select('select * from `...', Array)
#3 /opt/lampp/htdocs/berkah_alam_lestari_vegetables/vendor/laravel/framework/src/Illuminate/Database/Query/Builder.php(1363): Illuminate\Database\Query\Builder->runSelect()
#4 /opt/lampp/htdocs/berkah_alam_lestari_vegetables/vendor/laravel/framework/src/Illuminate/Database/Query/Builder.php(1350): Illuminate\Database\Query\Builder->getFresh(Array)
#5 /opt/lampp/htdocs/berkah_alam_lestari_vegetables/vendor/laravel/framework/src/Illuminate/Database/Eloquent/Builder.php(383): Illuminate\Database\Query\Builder->get(Array)
#6 /opt/lampp/htdocs/berkah_alam_lestari_vegetables/vendor/laravel/framework/src/Illuminate/Database/Eloquent/Builder.php(162): Illuminate\Database\Eloquent\Builder->getModels(Array)
#7 /opt/lampp/htdocs/berkah_alam_lestari_vegetables/vendor/laravel/framework/src/Illuminate/Database/Eloquent/Builder.php(136): Illuminate\Database\Eloquent\Builder->get(Array)
#8 /opt/lampp/htdocs/berkah_alam_lestari_vegetables/storage/framework/compiled.php(721): Illuminate\Database\Eloquent\Builder->first()
#9 /opt/lampp/htdocs/berkah_alam_lestari_vegetables/storage/framework/compiled.php(511): Illuminate\Auth\EloquentUserProvider->retrieveByCredentials(Array)
#10 /opt/lampp/htdocs/berkah_alam_lestari_vegetables/app/Http/Controllers/Members/AuthController.php(64): Illuminate\Auth\Guard->attempt(Array, false)
#11 [internal function]: App\Http\Controllers\Members\AuthController->postLogin(Object(Illuminate\Http\Request))
#12 /opt/lampp/htdocs/berkah_alam_lestari_vegetables/storage/framework/compiled.php(8204): call_user_func_array(Array, Array)
#13 /opt/lampp/htdocs/berkah_alam_lestari_vegetables/storage/framework/compiled.php(8271): Illuminate\Routing\Controller->callAction('postLogin', Array)
#14 /opt/lampp/htdocs/berkah_alam_lestari_vegetables/storage/framework/compiled.php(8250): Illuminate\Routing\ControllerDispatcher->call(Object(App\Http\Controllers\Members\AuthController), Object(Illuminate\Routing\Route), 'postLogin')
#15 [internal function]: Illuminate\Routing\ControllerDispatcher->Illuminate\Routing\{closure}(Object(Illuminate\Http\Request))
#16 /opt/lampp/htdocs/berkah_alam_lestari_vegetables/storage/framework/compiled.php(8866): call_user_func(Object(Closure), Object(Illuminate\Http\Request))
#17 /opt/lampp/htdocs/berkah_alam_lestari_vegetables/app/Http/Middleware/RedirectIfAuthenticated.php(41): Illuminate\Pipeline\Pipeline->Illuminate\Pipeline\{closure}(Object(Illuminate\Http\Request))
#18 /opt/lampp/htdocs/berkah_alam_lestari_vegetables/storage/framework/compiled.php(8858): App\Http\Middleware\RedirectIfAuthenticated->handle(Object(Illuminate\Http\Request), Object(Closure))
#19 [internal function]: Illuminate\Pipeline\Pipeline->Illuminate\Pipeline\{closure}(Object(Illuminate\Http\Request))
#20 /opt/lampp/htdocs/berkah_alam_lestari_vegetables/storage/framework/compiled.php(8849): call_user_func(Object(Closure), Object(Illuminate\Http\Request))
#21 /opt/lampp/htdocs/berkah_alam_lestari_vegetables/storage/framework/compiled.php(8251): Illuminate\Pipeline\Pipeline->then(Object(Closure))
#22 /opt/lampp/htdocs/berkah_alam_lestari_vegetables/storage/framework/compiled.php(8237): Illuminate\Routing\ControllerDispatcher->callWithinStack(Object(App\Http\Controllers\Members\AuthController), Object(Illuminate\Routing\Route), Object(Illuminate\Http\Request), 'postLogin')
#23 /opt/lampp/htdocs/berkah_alam_lestari_vegetables/storage/framework/compiled.php(7234): Illuminate\Routing\ControllerDispatcher->dispatch(Object(Illuminate\Routing\Route), Object(Illuminate\Http\Request), 'App\\Http\\Contro...', 'postLogin')
#24 /opt/lampp/htdocs/berkah_alam_lestari_vegetables/storage/framework/compiled.php(7205): Illuminate\Routing\Route->runWithCustomDispatcher(Object(Illuminate\Http\Request))
#25 /opt/lampp/htdocs/berkah_alam_lestari_vegetables/storage/framework/compiled.php(6871): Illuminate\Routing\Route->run(Object(Illuminate\Http\Request))
#26 [internal function]: Illuminate\Routing\Router->Illuminate\Routing\{closure}(Object(Illuminate\Http\Request))
#27 /opt/lampp/htdocs/berkah_alam_lestari_vegetables/storage/framework/compiled.php(8866): call_user_func(Object(Closure), Object(Illuminate\Http\Request))
#28 [internal function]: Illuminate\Pipeline\Pipeline->Illuminate\Pipeline\{closure}(Object(Illuminate\Http\Request))
#29 /opt/lampp/htdocs/berkah_alam_lestari_vegetables/storage/framework/compiled.php(8849): call_user_func(Object(Closure), Object(Illuminate\Http\Request))
#30 /opt/lampp/htdocs/berkah_alam_lestari_vegetables/storage/framework/compiled.php(6872): Illuminate\Pipeline\Pipeline->then(Object(Closure))
#31 /opt/lampp/htdocs/berkah_alam_lestari_vegetables/storage/framework/compiled.php(6861): Illuminate\Routing\Router->runRouteWithinStack(Object(Illuminate\Routing\Route), Object(Illuminate\Http\Request))
#32 /opt/lampp/htdocs/berkah_alam_lestari_vegetables/storage/framework/compiled.php(6846): Illuminate\Routing\Router->dispatchToRoute(Object(Illuminate\Http\Request))
#33 /opt/lampp/htdocs/berkah_alam_lestari_vegetables/storage/framework/compiled.php(1884): Illuminate\Routing\Router->dispatch(Object(Illuminate\Http\Request))
#34 [internal function]: Illuminate\Foundation\Http\Kernel->Illuminate\Foundation\Http\{closure}(Object(Illuminate\Http\Request))
#35 /opt/lampp/htdocs/berkah_alam_lestari_vegetables/storage/framework/compiled.php(8866): call_user_func(Object(Closure), Object(Illuminate\Http\Request))
#36 /opt/lampp/htdocs/berkah_alam_lestari_vegetables/storage/framework/compiled.php(2380): Illuminate\Pipeline\Pipeline->Illuminate\Pipeline\{closure}(Object(Illuminate\Http\Request))
#37 /opt/lampp/htdocs/berkah_alam_lestari_vegetables/app/Http/Middleware/VerifyCsrfToken.php(17): Illuminate\Foundation\Http\Middleware\VerifyCsrfToken->handle(Object(Illuminate\Http\Request), Object(Closure))
#38 /opt/lampp/htdocs/berkah_alam_lestari_vegetables/storage/framework/compiled.php(8858): App\Http\Middleware\VerifyCsrfToken->handle(Object(Illuminate\Http\Request), Object(Closure))
#39 /opt/lampp/htdocs/berkah_alam_lestari_vegetables/storage/framework/compiled.php(11989): Illuminate\Pipeline\Pipeline->Illuminate\Pipeline\{closure}(Object(Illuminate\Http\Request))
#40 /opt/lampp/htdocs/berkah_alam_lestari_vegetables/storage/framework/compiled.php(8858): Illuminate\View\Middleware\ShareErrorsFromSession->handle(Object(Illuminate\Http\Request), Object(Closure))
#41 /opt/lampp/htdocs/berkah_alam_lestari_vegetables/storage/framework/compiled.php(10695): Illuminate\Pipeline\Pipeline->Illuminate\Pipeline\{closure}(Object(Illuminate\Http\Request))
#42 /opt/lampp/htdocs/berkah_alam_lestari_vegetables/storage/framework/compiled.php(8858): Illuminate\Session\Middleware\StartSession->handle(Object(Illuminate\Http\Request), Object(Closure))
#43 /opt/lampp/htdocs/berkah_alam_lestari_vegetables/storage/framework/compiled.php(11695): Illuminate\Pipeline\Pipeline->Illuminate\Pipeline\{closure}(Object(Illuminate\Http\Request))
#44 /opt/lampp/htdocs/berkah_alam_lestari_vegetables/storage/framework/compiled.php(8858): Illuminate\Cookie\Middleware\AddQueuedCookiesToResponse->handle(Object(Illuminate\Http\Request), Object(Closure))
#45 /opt/lampp/htdocs/berkah_alam_lestari_vegetables/storage/framework/compiled.php(11644): Illuminate\Pipeline\Pipeline->Illuminate\Pipeline\{closure}(Object(Illuminate\Http\Request))
#46 /opt/lampp/htdocs/berkah_alam_lestari_vegetables/storage/framework/compiled.php(8858): Illuminate\Cookie\Middleware\EncryptCookies->handle(Object(Illuminate\Http\Request), Object(Closure))
#47 /opt/lampp/htdocs/berkah_alam_lestari_vegetables/storage/framework/compiled.php(2418): Illuminate\Pipeline\Pipeline->Illuminate\Pipeline\{closure}(Object(Illuminate\Http\Request))
#48 /opt/lampp/htdocs/berkah_alam_lestari_vegetables/storage/framework/compiled.php(8858): Illuminate\Foundation\Http\Middleware\CheckForMaintenanceMode->handle(Object(Illuminate\Http\Request), Object(Closure))
#49 [internal function]: Illuminate\Pipeline\Pipeline->Illuminate\Pipeline\{closure}(Object(Illuminate\Http\Request))
#50 /opt/lampp/htdocs/berkah_alam_lestari_vegetables/storage/framework/compiled.php(8849): call_user_func(Object(Closure), Object(Illuminate\Http\Request))
#51 /opt/lampp/htdocs/berkah_alam_lestari_vegetables/storage/framework/compiled.php(1862): Illuminate\Pipeline\Pipeline->then(Object(Closure))
#52 /opt/lampp/htdocs/berkah_alam_lestari_vegetables/storage/framework/compiled.php(1852): Illuminate\Foundation\Http\Kernel->sendRequestThroughRouter(Object(Illuminate\Http\Request))
#53 /opt/lampp/htdocs/berkah_alam_lestari_vegetables/public/index.php(53): Illuminate\Foundation\Http\Kernel->handle(Object(Illuminate\Http\Request))
#54 {main}  
